d:\project\c++project\cpptry2\cpptry2\x64\debug\vc143.pdb
d:\project\c++project\cpptry2\cpptry2\x64\debug\vc143.idb
d:\project\c++project\cpptry2\cpptry2\x64\debug\user.obj
d:\project\c++project\cpptry2\cpptry2\x64\debug\platform.obj
d:\project\c++project\cpptry2\cpptry2\x64\debug\main.obj
d:\project\c++project\cpptry2\cpptry2\x64\debug\group.obj
d:\project\c++project\cpptry2\cpptry2\x64\debug\applicationqq.obj
d:\project\c++project\cpptry2\cpptry2\x64\debug\application.obj
d:\project\c++project\cpptry2\cpptry2\x64\debug\qquser.obj
d:\project\c++project\cpptry2\cpptry2\x64\debug\qqgroup.obj
d:\project\c++project\cpptry2\x64\debug\c++keshe.exe
d:\project\c++project\cpptry2\cpptry2\x64\debug\c++keshe.ilk
d:\project\c++project\cpptry2\x64\debug\c++keshe.pdb
d:\project\c++project\cpptry2\cpptry2\x64\debug\c++keshe.tlog\cl.command.1.tlog
d:\project\c++project\cpptry2\cpptry2\x64\debug\c++keshe.tlog\cl.items.tlog
d:\project\c++project\cpptry2\cpptry2\x64\debug\c++keshe.tlog\cl.read.1.tlog
d:\project\c++project\cpptry2\cpptry2\x64\debug\c++keshe.tlog\cl.write.1.tlog
d:\project\c++project\cpptry2\cpptry2\x64\debug\c++keshe.tlog\link.command.1.tlog
d:\project\c++project\cpptry2\cpptry2\x64\debug\c++keshe.tlog\link.read.1.tlog
d:\project\c++project\cpptry2\cpptry2\x64\debug\c++keshe.tlog\link.write.1.tlog
