  friend.cpp
  qqgroup.cpp
D:\project\C++Project\cpptry2\cpptry2\src\friend.h(15,15): error C2061: 语法错误: 标识符“userListLA”
D:\project\C++Project\cpptry2\cpptry2\src\friend.h(15,2): error C2535: “friendNodeLA::friendNodeLA(void)”: 已经定义或声明成员函数
D:\project\C++Project\cpptry2\cpptry2\src\friend.h(14,2): message : 参见“friendNodeLA::friendNodeLA”的声明
D:\project\C++Project\cpptry2\cpptry2\src\friend.h(31,24): error C2061: 语法错误: 标识符“userListLA”
D:\project\C++Project\cpptry2\cpptry2\src\friend.h(32,22): error C2061: 语法错误: 标识符“userListLA”
D:\project\C++Project\cpptry2\cpptry2\src\qqgroup.cpp(158,35): warning C4267: “return”: 从“size_t”转换到“int”，可能丢失数据
  application.cpp
D:\project\C++Project\cpptry2\cpptry2\src\friend.h(15,15): error C2061: 语法错误: 标识符“userListLA”
D:\project\C++Project\cpptry2\cpptry2\src\friend.h(15,2): error C2535: “friendNodeLA::friendNodeLA(void)”: 已经定义或声明成员函数
D:\project\C++Project\cpptry2\cpptry2\src\friend.h(14,2): message : 参见“friendNodeLA::friendNodeLA”的声明
D:\project\C++Project\cpptry2\cpptry2\src\friend.h(31,24): error C2061: 语法错误: 标识符“userListLA”
D:\project\C++Project\cpptry2\cpptry2\src\friend.h(32,22): error C2061: 语法错误: 标识符“userListLA”
  applicationQQ.cpp
D:\project\C++Project\cpptry2\cpptry2\src\friend.h(15,15): error C2061: 语法错误: 标识符“userListLA”
D:\project\C++Project\cpptry2\cpptry2\src\friend.h(15,2): error C2535: “friendNodeLA::friendNodeLA(void)”: 已经定义或声明成员函数
D:\project\C++Project\cpptry2\cpptry2\src\friend.h(14,2): message : 参见“friendNodeLA::friendNodeLA”的声明
D:\project\C++Project\cpptry2\cpptry2\src\friend.h(31,24): error C2061: 语法错误: 标识符“userListLA”
D:\project\C++Project\cpptry2\cpptry2\src\friend.h(32,22): error C2061: 语法错误: 标识符“userListLA”
  group.h
  user.cpp
D:\project\C++Project\cpptry2\cpptry2\src\friend.h(15,15): error C2061: 语法错误: 标识符“userListLA”
D:\project\C++Project\cpptry2\cpptry2\src\friend.h(15,2): error C2535: “friendNodeLA::friendNodeLA(void)”: 已经定义或声明成员函数
D:\project\C++Project\cpptry2\cpptry2\src\friend.h(14,2): message : 参见“friendNodeLA::friendNodeLA”的声明
D:\project\C++Project\cpptry2\cpptry2\src\friend.h(31,24): error C2061: 语法错误: 标识符“userListLA”
D:\project\C++Project\cpptry2\cpptry2\src\friend.h(32,22): error C2061: 语法错误: 标识符“userListLA”
  user.h
D:\project\C++Project\cpptry2\cpptry2\src\friend.h(15,15): error C2061: 语法错误: 标识符“userListLA”
D:\project\C++Project\cpptry2\cpptry2\src\friend.h(15,2): error C2535: “friendNodeLA::friendNodeLA(void)”: 已经定义或声明成员函数
D:\project\C++Project\cpptry2\cpptry2\src\friend.h(14,2): message : 参见“friendNodeLA::friendNodeLA”的声明
D:\project\C++Project\cpptry2\cpptry2\src\friend.h(31,24): error C2061: 语法错误: 标识符“userListLA”
D:\project\C++Project\cpptry2\cpptry2\src\friend.h(32,22): error C2061: 语法错误: 标识符“userListLA”
  正在生成代码...
